Построение начато 16.05.2013 1:08:06.
     1>Проект "D:\Для Вуза\Второй курс\4 семестр\Построение и анализ алгоритмов\Лабораторная №2\Перетягивание каната\Перетягивание каната\Перетягивание каната.vcxproj" в узле 2 (целевые объекты build).
     1>InitializeBuildStatus:
         Создание "Debug\Перетягивание каната.unsuccessfulbuild", так как было задано "AlwaysCreate".
       ClCompile:
         Для всех выходных данных обновления не требуется.
         C:\Program Files\Microsoft Visual Studio 10.0\VC\bin\CL.exe /c /ZI /nologo /W3 /WX- /Od /Oy- /D WIN32 /D _DEBUG /D _CONSOLE /D _UNICODE /D UNICODE /Gm /EHsc /RTC1 /MDd /GS /fp:precise /Zc:wchar_t /Zc:forScope /Yu"StdAfx.h" /Fp"Debug\Перетягивание каната.pch" /Fo"Debug\\" /Fd"Debug\vc100.pdb" /Gd /TP /analyze- /errorReport:prompt "Перетягивание каната.cpp"
         Перетягивание каната.cpp
       ManifestResourceCompile:
         Для всех выходных данных обновления не требуется.
       Link:
         C:\Program Files\Microsoft Visual Studio 10.0\VC\bin\link.exe /ERRORREPORT:PROMPT /OUT:"D:\Для Вуза\Второй курс\4 семестр\Построение и анализ алгоритмов\Лабораторная №2\Перетягивание каната\Debug\Перетягивание каната.exe" /INCREMENTAL /NOLOGO kernel32.lib user32.lib gdi32.lib winspool.lib comdlg32.lib advapi32.lib shell32.lib ole32.lib oleaut32.lib uuid.lib odbc32.lib odbccp32.lib /MANIFEST /ManifestFile:"Debug\Перетягивание каната.exe.intermediate.manifest" /MANIFESTUAC:"level='asInvoker' uiAccess='false'" /DEBUG /PDB:"D:\Для Вуза\Второй курс\4 семестр\Построение и анализ алгоритмов\Лабораторная №2\Перетягивание каната\Debug\Перетягивание каната.pdb" /SUBSYSTEM:CONSOLE /TLBID:1 /DYNAMICBASE /NXCOMPAT /IMPLIB:"D:\Для Вуза\Второй курс\4 семестр\Построение и анализ алгоритмов\Лабораторная №2\Перетягивание каната\Debug\Перетягивание каната.lib" /MACHINE:X86 "Debug\Перетягивание каната.exe.embed.manifest.res"
         Debug\stdafx.obj
         "Debug\Перетягивание каната.obj"
       Manifest:
         C:\Program Files\Microsoft SDKs\Windows\v7.0A\bin\mt.exe /nologo /verbose /out:"Debug\Перетягивание каната.exe.embed.manifest" /manifest "Debug\Перетягивание каната.exe.intermediate.manifest"
         Для всех выходных данных обновления не требуется.
       LinkEmbedManifest:
         Для всех выходных данных обновления не требуется.
         Перетягивание каната.vcxproj -> D:\Для Вуза\Второй курс\4 семестр\Построение и анализ алгоритмов\Лабораторная №2\Перетягивание каната\Debug\Перетягивание каната.exe
       FinalizeBuildStatus:
         Файл "Debug\Перетягивание каната.unsuccessfulbuild" удаляется.
         Обращение к "Debug\Перетягивание каната.lastbuildstate".
     1>Построение проекта "D:\Для Вуза\Второй курс\4 семестр\Построение и анализ алгоритмов\Лабораторная №2\Перетягивание каната\Перетягивание каната\Перетягивание каната.vcxproj" завершено (целевые объекты build).

Построение успешно завершено.

Затраченное время: 00:00:01.88
